Generated by FileCloud
-- File/Folder: P_EUI_EuropeanSolidarity_2025_Master ~Austria (w).sav
-- File/Folder: P_EUI_EuropeanSolidarity_2025_Master ~Bulgaria (w).sav
-- File/Folder: P_EUI_EuropeanSolidarity_2025_Master ~Croatia (w).sav
-- File/Folder: P_EUI_EuropeanSolidarity_2025_Master ~Czech_Republic (w).sav
-- File/Folder: P_EUI_EuropeanSolidarity_2025_Master ~Denmark (w).sav
-- File/Folder: P_EUI_EuropeanSolidarity_2025_Master ~Finland (w).sav
-- File/Folder: P_EUI_EuropeanSolidarity_2025_Master ~France (w).sav
-- File/Folder: P_EUI_EuropeanSolidarity_2025_Master ~Germany (w).sav
-- File/Folder: P_EUI_EuropeanSolidarity_2025_Master ~Greece (w).sav
-- File/Folder: P_EUI_EuropeanSolidarity_2025_Master ~Hungary (w).sav
-- File/Folder: P_EUI_EuropeanSolidarity_2025_Master ~Ireland (w).sav
-- File/Folder: P_EUI_EuropeanSolidarity_2025_Master ~Italy (w).sav
-- File/Folder: P_EUI_EuropeanSolidarity_2025_Master ~Lithuania (w).sav
-- File/Folder: P_EUI_EuropeanSolidarity_2025_Master ~Netherlands (w).sav
-- File/Folder: P_EUI_EuropeanSolidarity_2025_Master ~Poland (w).sav
-- File/Folder: P_EUI_EuropeanSolidarity_2025_Master ~Portugal (w).sav
-- File/Folder: P_EUI_EuropeanSolidarity_2025_Master ~Romania (w).sav
-- File/Folder: P_EUI_EuropeanSolidarity_2025_Master ~Slovakia (w).sav
-- File/Folder: P_EUI_EuropeanSolidarity_2025_Master ~Spain (w).sav
-- File/Folder: P_EUI_EuropeanSolidarity_2025_Master ~Sweden (w).sav
-- File/Folder: P_EUI_EuropeanSolidarity_2025_Master ~UK (w).sav
